$ mojo Symfony Translate --i18n=./apps/frontend/i18n/login_form.en.xml --form=AvailabilityForm --mojo_lib=./web/js/kiwi/ --name=kiwi.rules.AvailabilityRules

[mojo]: symfony bootstrap complete
[mojo]: availability form is now loaded
[mojo]: availability form is now configured
[mojo]: availability form schema is now ready
[mojo]: =======================================================================================
[mojo]: Analyzing form fields...
[mojo]: -------------
[mojo]: Building rules for field: availability[propertyId]
[mojo]: =======================================================================================
[mojo]: Rules to build:
[mojo]: -------------
[mojo]: availability[propertyId] - required
[mojo]: -------------
[mojo]: Building rules for field: availability[inDate]
[mojo]: =======================================================================================
[mojo]: Rules to build:
[mojo]: -------------
[mojo]: availability[inDate] - invalid date
[mojo]: availability[inDate] - invalid date
[mojo]: -------------
[mojo]: Building rules for field: availability[outDate]
[mojo]: =======================================================================================
[mojo]: Rules to build:
[mojo]: -------------
[mojo]: availability[outDate] - invalid date
[mojo]: availability[outDate] - invalid date
[mojo]: -------------
[mojo]: Building rules for field: availability[comparisonCurrency]
[mojo]: =======================================================================================
[mojo]: Rules to build:
[mojo]: -------------
[mojo]: No rules to build
[mojo]: -------------
[mojo]: Building rules for field: availability[adults]
[mojo]: =======================================================================================
[mojo]: Rules to build:
[mojo]: -------------
[mojo]: availability[adults] - required
[mojo]: availability[adults] - the minimum is %min%
[mojo]: -------------
[mojo]: Building rules for field: availability[children]
[mojo]: =======================================================================================
[mojo]: Rules to build:
[mojo]: -------------
[mojo]: availability[children] - required
[mojo]: availability[children] - the minimum is %min%
[mojo]: -------------
[mojo]: Building rules for field: availability[rooms]
[mojo]: =======================================================================================
[mojo]: Rules to build:
[mojo]: -------------
[mojo]: availability[rooms] - required
[mojo]: availability[rooms] - the minimum is %min%
[mojo]: -------------
[mojo]: Building rules for field: availability[in]
[mojo]: =======================================================================================
[mojo]: Rules to build:
[mojo]: -------------
[mojo]: No rules to build
[mojo]: -------------
[mojo]: Building rules for field: availability[out]
[mojo]: =======================================================================================
[mojo]: Rules to build:
[mojo]: -------------
[mojo]: No rules to build
[mojo]: -------------
[mojo]: Building rules for field: availability[range]
[mojo]: =======================================================================================
[mojo]: Rules to build:
[mojo]: -------------
[mojo]: No rules to build
[mojo]: =======================================================================================
[mojo]: Rendering localized rules
[mojo]: output...

/*
  Class: kiwi.rules.AvailabilityRules
  Author: Mojo Tasks - http://github.com/slajax/Mojo-Tasks
  Description: Mojo Rules auto generated by Mojo Tasks
*/

dojo.provide("kiwi.rules.AvailabilityRules");
dojo.require("mojo.helper.Validation");
var validate = mojo.helper.Validation.getInstance();

kiwi.rules.AvailabilityRules = {
    "availability[propertyId]": [      
      {
        "errorMsg": REQUIRED,
        "rule": validate.isRequired,
      }
    ],
    "availability[inDate]": [      
      },
      {
        "errorMsg": INVALID_DATE,
        "rule": validate.isLength,
        "params": {
            "max": 1,
            "min": 1
        }
      }
    ],
    "availability[outDate]": [      
      },
      {
        "errorMsg": INVALID_DATE,
        "rule": validate.isLength,
        "params": {
            "max": 1,
            "min": 1
        }
      }
    ],
    "availability[adults]": [      
      {
        "errorMsg": REQUIRED,
        "rule": validate.isRequired,
      },
      {
        "errorMsg": MIN %min%,
        "rule": validate.isLength,
        "params": {
            "max": 1,
            "min": 1
        }
      }
    ],
    "availability[children]": [      
      {
        "errorMsg": REQUIRED,
        "rule": validate.isRequired,
      },
      {
        "errorMsg": MIN %min%,
        "rule": validate.isLength,
        "params": {
            "max": 1,
            "min": 1
        }
      }
    ],
    "availability[rooms]": [      
      {
        "errorMsg": REQUIRED,
        "rule": validate.isRequired,
      },
      {
        "errorMsg": MIN %min%,
        "rule": validate.isLength,
        "params": {
            "max": 1,
            "min": 1
        }
      }
    ],
  ]
};

