$ mojo Symfony Translate --i18n=./apps/frontend/i18n/login_form.en.xml --form=LoginForm --mojo_lib=./web/js/kiwi/ --name=kiwi.rules.LoginRules

[mojo]: symfony bootstrap complete
[mojo]: login form is now loaded
[mojo]: login form is now configured
[mojo]: login form schema is now ready
[mojo]: =======================================================================================
[mojo]: Analyzing form fields...
[mojo]: -------------
[mojo]: Building rules for field: login[email]
[mojo]: =======================================================================================
[mojo]: Rules to build:
[mojo]: -------------
[mojo]: login[email] - email address required
[mojo]: login[email] -  The email address is too short, min %min_length% characters.
[mojo]: -------------
[mojo]: Building rules for field: login[password]
[mojo]: =======================================================================================
[mojo]: Rules to build:
[mojo]: -------------
[mojo]: login[password] - password required
[mojo]: login[password] - The password is too short, min %min_length% characters.
[mojo]: =======================================================================================
[mojo]: Rendering localized rules
[mojo]: output...

/*
  Class: kiwi.rules.LoginRules
  Author: Mojo Tasks - http://github.com/slajax/Mojo-Tasks
  Description: Mojo Rules auto generated by Mojo Tasks
*/

dojo.provide("kiwi.rules.LoginRules");
dojo.require("mojo.helper.Validation");
var validate = mojo.helper.Validation.getInstance();

kiwi.rules.LoginRules = {
    "login[email]": [      
      {
        "errorMsg": EMAIL_ADDRESS_REQUIRED,
        "rule": validate.isRequired,
      },
      {
        "errorMsg": EMAIL_SHORT,
        "rule": validate.isLength,
        "params": {
            "max": 1,
            "min": 1
        }
      }
    ],
    "login[password]": [      
      {
        "errorMsg": PASSWORD_REQUIRED,
        "rule": validate.isRequired,
      },
      {
        "errorMsg": PASSWORD_SHORT,
        "rule": validate.isLength,
        "params": {
            "max": 1,
            "min": 1
        }
      }
    ]
  ]
};

